<?xml version="1.0" encoding="UTF-8" ?>
<testsuite tests="5" failures="0" name="RunCucumberTest" time="0.259" errors="0" skipped="0">
  <properties>
[...]
</properties>
  <testcase classname="tests if bar operates correctly" name="ask for a coffee" time="0.23"/>
  <testcase classname="tests if bar operates correctly" name="test if we can set a second cup" time="0.01"/>
  <testcase classname="test if we can brew cups of coffee" name="set a basic cup of coffee" time="0.005"/>
  <testcase classname="test if we can brew cups of coffee" name="set cup of coffee with empty machine" time="0.004"/>
  <testcase classname="test if we can brew cups of coffee" name="brew a cappuccino" time="0.01"/>
</testsuite>